commit d3cea965c3bd4a19271e73ae82170602cb959153
Merge: 6dbcafe 1c6aadf
Author: takunojima <147133506+takunojima@users.noreply.github.com>
Date:   Mon May 6 15:56:16 2024 +0900

    Merge branch 'main' of https://github.com/takunojima/2024-05-06

commit 6dbcafe9a96435c5180d6cf194e9b3328dc33b68
Author: takunojima <147133506+takunojima@users.noreply.github.com>
Date:   Mon May 6 15:55:11 2024 +0900

    色変え

commit 1c6aadf8c74cb9ae0583fa84dbdd7b1210cc5a70
Author: takunojima <147133506+takunojima@users.noreply.github.com>
Date:   Mon May 6 15:52:36 2024 +0900

    色の変化

commit 2c06cd4b091ab103464f6a84bdeff238a6dcaf8b
Author: takunojima <147133506+takunojima@users.noreply.github.com>
Date:   Mon May 6 15:47:06 2024 +0900

    速度の変化

commit 888568027b9b405a32632c5aa9e16cbe01470495
Author: takunojima <147133506+takunojima@users.noreply.github.com>
Date:   Mon May 6 15:36:34 2024 +0900

    色の変更

commit 255d242241769de72476558b4f6a6536de483b88
Author: takunojima <147133506+takunojima@users.noreply.github.com>
Date:   Mon May 6 15:18:06 2024 +0900

    キャンパステトリスのインポート
